app/build/intermediates/manifest_merge_blame_file/debug/manifest-merger-blame-debug-report.txt
1<?xml version="1.0" encoding="utf-8"?>
2<manifest xmlns:android="http://schemas.android.com/apk/res/android"
3    package="gov.southamptontownny.mytowninfo"
4    android:versionCode="11"
5    android:versionName="1.1" >
6
7    <uses-sdk
8        android:minSdkVersion="21"
8-->src/main/AndroidManifest.xml
9        android:targetSdkVersion="28" />
9-->src/main/AndroidManifest.xml
10
11    <application
11-->src/main/AndroidManifest.xml:9:5-24:19
12        android:allowBackup="true"
12-->src/main/AndroidManifest.xml:10:9-35
13        android:appComponentFactory="android.support.v4.app.CoreComponentFactory"
13-->[com.android.support:support-compat:28.0.0] AndroidManifest.xml:22:18-91
14        android:debuggable="true"
15        android:icon="@drawable/ic_sealtrams"
15-->src/main/AndroidManifest.xml:11:9-46
16        android:label="@string/app_name"
16-->src/main/AndroidManifest.xml:12:9-41
17        android:testOnly="true"
18        android:theme="@style/AppTheme" >
18-->src/main/AndroidManifest.xml:13:9-40
19        <activity
19-->src/main/AndroidManifest.xml:14:9-23:20
20            android:name="gov.southamptontownny.mytowninfo.Picker"
20-->src/main/AndroidManifest.xml:15:13-67
21            android:configChanges="orientation|keyboardHidden|screenSize"
21-->src/main/AndroidManifest.xml:16:13-74
22            android:label="@string/act_name" >
22-->src/main/AndroidManifest.xml:17:13-45
23            <intent-filter>
23-->src/main/AndroidManifest.xml:19:13-22:29
24                <action android:name="android.intent.action.MAIN" />
24-->src/main/AndroidManifest.xml:20:17-69
24-->src/main/AndroidManifest.xml:20:25-66
25
26                <category android:name="android.intent.category.LAUNCHER" />
26-->src/main/AndroidManifest.xml:21:17-77
26-->src/main/AndroidManifest.xml:21:27-74
27            </intent-filter>
28        </activity>
29    </application>
30
31</manifest>